<?xml version="1.0" encoding="UTF-8"?>
<testng-results total="15" passed="15" failed="0" skipped="0">
  <reporter-output>
  </reporter-output>
  <suite started-at="2022-05-09T15:21:45Z" name="Suite1" finished-at="2022-05-09T15:22:20Z" duration-ms="34591">
    <groups>
    </groups>
    <test started-at="2022-05-09T15:21:45Z" name="11" finished-at="2022-05-09T15:22:06Z" duration-ms="21333">
      <class name="hera.wcrl.webcontrol">
        <test-method is-config="true" signature="beforeTest(java.lang.String, java.lang.String)[pri:0, instance:hera.wcrl.webcontrol@4988d8b8]" started-at="2022-05-09T22:21:45Z" name="beforeTest" finished-at="2022-05-09T22:21:48Z" duration-ms="3302" status="PASS">
          <params>
            <param index="0">
              <value>
                <![CDATA[chrome]]>
              </value>
            </param>
            <param index="1">
              <value>
                <![CDATA[11]]>
              </value>
            </param>
          </params>
          <reporter-output>
          </reporter-output>
        </test-method> <!-- beforeTest -->
        <test-method signature="runKDD()[pri:0, instance:hera.wcrl.webcontrol@4988d8b8]" started-at="2022-05-09T22:21:48Z" name="runKDD" finished-at="2022-05-09T22:22:03Z" duration-ms="14203" status="PASS">
          <reporter-output>
          </reporter-output>
        </test-method> <!-- runKDD -->
        <test-method is-config="true" signature="afterTest()[pri:0, instance:hera.wcrl.webcontrol@4988d8b8]" started-at="2022-05-09T22:22:03Z" name="afterTest" finished-at="2022-05-09T22:22:06Z" duration-ms="3816" status="PASS">
          <reporter-output>
          </reporter-output>
        </test-method> <!-- afterTest -->
      </class> <!-- hera.wcrl.webcontrol -->
    </test> <!-- 11 -->
    <test started-at="2022-05-09T15:21:45Z" name="6" finished-at="2022-05-09T15:22:07Z" duration-ms="21429">
      <class name="hera.wcrl.webcontrol">
        <test-method is-config="true" signature="beforeTest(java.lang.String, java.lang.String)[pri:0, instance:hera.wcrl.webcontrol@fa4c865]" started-at="2022-05-09T22:21:45Z" name="beforeTest" finished-at="2022-05-09T22:21:49Z" duration-ms="4323" status="PASS">
          <params>
            <param index="0">
              <value>
                <![CDATA[chrome]]>
              </value>
            </param>
            <param index="1">
              <value>
                <![CDATA[6]]>
              </value>
            </param>
          </params>
          <reporter-output>
          </reporter-output>
        </test-method> <!-- beforeTest -->
        <test-method signature="runKDD()[pri:0, instance:hera.wcrl.webcontrol@fa4c865]" started-at="2022-05-09T22:21:49Z" name="runKDD" finished-at="2022-05-09T22:22:05Z" duration-ms="16016" status="PASS">
          <reporter-output>
          </reporter-output>
        </test-method> <!-- runKDD -->
        <test-method is-config="true" signature="afterTest()[pri:0, instance:hera.wcrl.webcontrol@fa4c865]" started-at="2022-05-09T22:22:05Z" name="afterTest" finished-at="2022-05-09T22:22:07Z" duration-ms="1076" status="PASS">
          <reporter-output>
          </reporter-output>
        </test-method> <!-- afterTest -->
      </class> <!-- hera.wcrl.webcontrol -->
    </test> <!-- 6 -->
    <test started-at="2022-05-09T15:21:45Z" name="13" finished-at="2022-05-09T15:22:07Z" duration-ms="21792">
      <class name="hera.wcrl.webcontrol">
        <test-method is-config="true" signature="beforeTest(java.lang.String, java.lang.String)[pri:0, instance:hera.wcrl.webcontrol@1e66f1f5]" started-at="2022-05-09T22:21:45Z" name="beforeTest" finished-at="2022-05-09T22:21:49Z" duration-ms="4297" status="PASS">
          <params>
            <param index="0">
              <value>
                <![CDATA[chrome]]>
              </value>
            </param>
            <param index="1">
              <value>
                <![CDATA[13]]>
              </value>
            </param>
          </params>
          <reporter-output>
          </reporter-output>
        </test-method> <!-- beforeTest -->
        <test-method signature="runKDD()[pri:0, instance:hera.wcrl.webcontrol@1e66f1f5]" started-at="2022-05-09T22:21:49Z" name="runKDD" finished-at="2022-05-09T22:22:05Z" duration-ms="15482" status="PASS">
          <reporter-output>
          </reporter-output>
        </test-method> <!-- runKDD -->
        <test-method is-config="true" signature="afterTest()[pri:0, instance:hera.wcrl.webcontrol@1e66f1f5]" started-at="2022-05-09T22:22:05Z" name="afterTest" finished-at="2022-05-09T22:22:07Z" duration-ms="1999" status="PASS">
          <reporter-output>
          </reporter-output>
        </test-method> <!-- afterTest -->
      </class> <!-- hera.wcrl.webcontrol -->
    </test> <!-- 13 -->
    <test started-at="2022-05-09T15:21:45Z" name="12" finished-at="2022-05-09T15:22:07Z" duration-ms="21927">
      <class name="hera.wcrl.webcontrol">
        <test-method is-config="true" signature="beforeTest(java.lang.String, java.lang.String)[pri:0, instance:hera.wcrl.webcontrol@17f7cd29]" started-at="2022-05-09T22:21:45Z" name="beforeTest" finished-at="2022-05-09T22:21:48Z" duration-ms="3051" status="PASS">
          <params>
            <param index="0">
              <value>
                <![CDATA[chrome]]>
              </value>
            </param>
            <param index="1">
              <value>
                <![CDATA[12]]>
              </value>
            </param>
          </params>
          <reporter-output>
          </reporter-output>
        </test-method> <!-- beforeTest -->
        <test-method signature="runKDD()[pri:0, instance:hera.wcrl.webcontrol@17f7cd29]" started-at="2022-05-09T22:21:48Z" name="runKDD" finished-at="2022-05-09T22:22:00Z" duration-ms="11710" status="PASS">
          <reporter-output>
          </reporter-output>
        </test-method> <!-- runKDD -->
        <test-method is-config="true" signature="afterTest()[pri:0, instance:hera.wcrl.webcontrol@17f7cd29]" started-at="2022-05-09T22:22:00Z" name="afterTest" finished-at="2022-05-09T22:22:07Z" duration-ms="7148" status="PASS">
          <reporter-output>
          </reporter-output>
        </test-method> <!-- afterTest -->
      </class> <!-- hera.wcrl.webcontrol -->
    </test> <!-- 12 -->
    <test started-at="2022-05-09T15:21:45Z" name="14" finished-at="2022-05-09T15:22:07Z" duration-ms="22018">
      <class name="hera.wcrl.webcontrol">
        <test-method is-config="true" signature="beforeTest(java.lang.String, java.lang.String)[pri:0, instance:hera.wcrl.webcontrol@5aebe890]" started-at="2022-05-09T22:21:45Z" name="beforeTest" finished-at="2022-05-09T22:21:50Z" duration-ms="4663" status="PASS">
          <params>
            <param index="0">
              <value>
                <![CDATA[chrome]]>
              </value>
            </param>
            <param index="1">
              <value>
                <![CDATA[14]]>
              </value>
            </param>
          </params>
          <reporter-output>
          </reporter-output>
        </test-method> <!-- beforeTest -->
        <test-method signature="runKDD()[pri:0, instance:hera.wcrl.webcontrol@5aebe890]" started-at="2022-05-09T22:21:50Z" name="runKDD" finished-at="2022-05-09T22:22:05Z" duration-ms="15199" status="PASS">
          <reporter-output>
          </reporter-output>
        </test-method> <!-- runKDD -->
        <test-method is-config="true" signature="afterTest()[pri:0, instance:hera.wcrl.webcontrol@5aebe890]" started-at="2022-05-09T22:22:05Z" name="afterTest" finished-at="2022-05-09T22:22:07Z" duration-ms="2148" status="PASS">
          <reporter-output>
          </reporter-output>
        </test-method> <!-- afterTest -->
      </class> <!-- hera.wcrl.webcontrol -->
    </test> <!-- 14 -->
    <test started-at="2022-05-09T15:21:45Z" name="9" finished-at="2022-05-09T15:22:07Z" duration-ms="22141">
      <class name="hera.wcrl.webcontrol">
        <test-method is-config="true" signature="beforeTest(java.lang.String, java.lang.String)[pri:0, instance:hera.wcrl.webcontrol@20d525]" started-at="2022-05-09T22:21:45Z" name="beforeTest" finished-at="2022-05-09T22:21:50Z" duration-ms="4594" status="PASS">
          <params>
            <param index="0">
              <value>
                <![CDATA[chrome]]>
              </value>
            </param>
            <param index="1">
              <value>
                <![CDATA[9]]>
              </value>
            </param>
          </params>
          <reporter-output>
          </reporter-output>
        </test-method> <!-- beforeTest -->
        <test-method signature="runKDD()[pri:0, instance:hera.wcrl.webcontrol@20d525]" started-at="2022-05-09T22:21:50Z" name="runKDD" finished-at="2022-05-09T22:22:06Z" duration-ms="16201" status="PASS">
          <reporter-output>
          </reporter-output>
        </test-method> <!-- runKDD -->
        <test-method is-config="true" signature="afterTest()[pri:0, instance:hera.wcrl.webcontrol@20d525]" started-at="2022-05-09T22:22:06Z" name="afterTest" finished-at="2022-05-09T22:22:07Z" duration-ms="1339" status="PASS">
          <reporter-output>
          </reporter-output>
        </test-method> <!-- afterTest -->
      </class> <!-- hera.wcrl.webcontrol -->
    </test> <!-- 9 -->
    <test started-at="2022-05-09T15:21:45Z" name="10" finished-at="2022-05-09T15:22:09Z" duration-ms="23624">
      <class name="hera.wcrl.webcontrol">
        <test-method is-config="true" signature="beforeTest(java.lang.String, java.lang.String)[pri:0, instance:hera.wcrl.webcontrol@7dc0f706]" started-at="2022-05-09T22:21:45Z" name="beforeTest" finished-at="2022-05-09T22:21:50Z" duration-ms="4593" status="PASS">
          <params>
            <param index="0">
              <value>
                <![CDATA[chrome]]>
              </value>
            </param>
            <param index="1">
              <value>
                <![CDATA[10]]>
              </value>
            </param>
          </params>
          <reporter-output>
          </reporter-output>
        </test-method> <!-- beforeTest -->
        <test-method signature="runKDD()[pri:0, instance:hera.wcrl.webcontrol@7dc0f706]" started-at="2022-05-09T22:21:50Z" name="runKDD" finished-at="2022-05-09T22:22:09Z" duration-ms="18885" status="PASS">
          <reporter-output>
          </reporter-output>
        </test-method> <!-- runKDD -->
        <test-method is-config="true" signature="afterTest()[pri:0, instance:hera.wcrl.webcontrol@7dc0f706]" started-at="2022-05-09T22:22:09Z" name="afterTest" finished-at="2022-05-09T22:22:09Z" duration-ms="141" status="PASS">
          <reporter-output>
          </reporter-output>
        </test-method> <!-- afterTest -->
      </class> <!-- hera.wcrl.webcontrol -->
    </test> <!-- 10 -->
    <test started-at="2022-05-09T15:21:45Z" name="3" finished-at="2022-05-09T15:22:11Z" duration-ms="26013">
      <class name="hera.wcrl.webcontrol">
        <test-method is-config="true" signature="beforeTest(java.lang.String, java.lang.String)[pri:0, instance:hera.wcrl.webcontrol@24269709]" started-at="2022-05-09T22:21:45Z" name="beforeTest" finished-at="2022-05-09T22:21:49Z" duration-ms="4346" status="PASS">
          <params>
            <param index="0">
              <value>
                <![CDATA[chrome]]>
              </value>
            </param>
            <param index="1">
              <value>
                <![CDATA[3]]>
              </value>
            </param>
          </params>
          <reporter-output>
          </reporter-output>
        </test-method> <!-- beforeTest -->
        <test-method signature="runKDD()[pri:0, instance:hera.wcrl.webcontrol@24269709]" started-at="2022-05-09T22:21:49Z" name="runKDD" finished-at="2022-05-09T22:22:11Z" duration-ms="21469" status="PASS">
          <reporter-output>
          </reporter-output>
        </test-method> <!-- runKDD -->
        <test-method is-config="true" signature="afterTest()[pri:0, instance:hera.wcrl.webcontrol@24269709]" started-at="2022-05-09T22:22:11Z" name="afterTest" finished-at="2022-05-09T22:22:11Z" duration-ms="184" status="PASS">
          <reporter-output>
          </reporter-output>
        </test-method> <!-- afterTest -->
      </class> <!-- hera.wcrl.webcontrol -->
    </test> <!-- 3 -->
    <test started-at="2022-05-09T15:21:45Z" name="4" finished-at="2022-05-09T15:22:11Z" duration-ms="26155">
      <class name="hera.wcrl.webcontrol">
        <test-method is-config="true" signature="beforeTest(java.lang.String, java.lang.String)[pri:0, instance:hera.wcrl.webcontrol@b3ca52e]" started-at="2022-05-09T22:21:45Z" name="beforeTest" finished-at="2022-05-09T22:21:49Z" duration-ms="4303" status="PASS">
          <params>
            <param index="0">
              <value>
                <![CDATA[chrome]]>
              </value>
            </param>
            <param index="1">
              <value>
                <![CDATA[4]]>
              </value>
            </param>
          </params>
          <reporter-output>
          </reporter-output>
        </test-method> <!-- beforeTest -->
        <test-method signature="runKDD()[pri:0, instance:hera.wcrl.webcontrol@b3ca52e]" started-at="2022-05-09T22:21:49Z" name="runKDD" finished-at="2022-05-09T22:22:11Z" duration-ms="21653" status="PASS">
          <reporter-output>
          </reporter-output>
        </test-method> <!-- runKDD -->
        <test-method is-config="true" signature="afterTest()[pri:0, instance:hera.wcrl.webcontrol@b3ca52e]" started-at="2022-05-09T22:22:11Z" name="afterTest" finished-at="2022-05-09T22:22:11Z" duration-ms="187" status="PASS">
          <reporter-output>
          </reporter-output>
        </test-method> <!-- afterTest -->
      </class> <!-- hera.wcrl.webcontrol -->
    </test> <!-- 4 -->
    <test started-at="2022-05-09T15:21:45Z" name="8" finished-at="2022-05-09T15:22:11Z" duration-ms="26247">
      <class name="hera.wcrl.webcontrol">
        <test-method is-config="true" signature="beforeTest(java.lang.String, java.lang.String)[pri:0, instance:hera.wcrl.webcontrol@55b0dcab]" started-at="2022-05-09T22:21:45Z" name="beforeTest" finished-at="2022-05-09T22:21:49Z" duration-ms="4238" status="PASS">
          <params>
            <param index="0">
              <value>
                <![CDATA[chrome]]>
              </value>
            </param>
            <param index="1">
              <value>
                <![CDATA[8]]>
              </value>
            </param>
          </params>
          <reporter-output>
          </reporter-output>
        </test-method> <!-- beforeTest -->
        <test-method signature="runKDD()[pri:0, instance:hera.wcrl.webcontrol@55b0dcab]" started-at="2022-05-09T22:21:49Z" name="runKDD" finished-at="2022-05-09T22:22:11Z" duration-ms="21822" status="PASS">
          <reporter-output>
          </reporter-output>
        </test-method> <!-- runKDD -->
        <test-method is-config="true" signature="afterTest()[pri:0, instance:hera.wcrl.webcontrol@55b0dcab]" started-at="2022-05-09T22:22:11Z" name="afterTest" finished-at="2022-05-09T22:22:11Z" duration-ms="174" status="PASS">
          <reporter-output>
          </reporter-output>
        </test-method> <!-- afterTest -->
      </class> <!-- hera.wcrl.webcontrol -->
    </test> <!-- 8 -->
    <test started-at="2022-05-09T15:21:45Z" name="1" finished-at="2022-05-09T15:22:12Z" duration-ms="26847">
      <class name="hera.wcrl.webcontrol">
        <test-method is-config="true" signature="beforeTest(java.lang.String, java.lang.String)[pri:0, instance:hera.wcrl.webcontrol@815b41f]" started-at="2022-05-09T22:21:45Z" name="beforeTest" finished-at="2022-05-09T22:21:50Z" duration-ms="4590" status="PASS">
          <params>
            <param index="0">
              <value>
                <![CDATA[chrome]]>
              </value>
            </param>
            <param index="1">
              <value>
                <![CDATA[1]]>
              </value>
            </param>
          </params>
          <reporter-output>
          </reporter-output>
        </test-method> <!-- beforeTest -->
        <test-method signature="runKDD()[pri:0, instance:hera.wcrl.webcontrol@815b41f]" started-at="2022-05-09T22:21:50Z" name="runKDD" finished-at="2022-05-09T22:22:12Z" duration-ms="22072" status="PASS">
          <reporter-output>
          </reporter-output>
        </test-method> <!-- runKDD -->
        <test-method is-config="true" signature="afterTest()[pri:0, instance:hera.wcrl.webcontrol@815b41f]" started-at="2022-05-09T22:22:12Z" name="afterTest" finished-at="2022-05-09T22:22:12Z" duration-ms="176" status="PASS">
          <reporter-output>
          </reporter-output>
        </test-method> <!-- afterTest -->
      </class> <!-- hera.wcrl.webcontrol -->
    </test> <!-- 1 -->
    <test started-at="2022-05-09T15:21:45Z" name="7" finished-at="2022-05-09T15:22:13Z" duration-ms="27869">
      <class name="hera.wcrl.webcontrol">
        <test-method is-config="true" signature="beforeTest(java.lang.String, java.lang.String)[pri:0, instance:hera.wcrl.webcontrol@24313fcc]" started-at="2022-05-09T22:21:45Z" name="beforeTest" finished-at="2022-05-09T22:21:50Z" duration-ms="4579" status="PASS">
          <params>
            <param index="0">
              <value>
                <![CDATA[chrome]]>
              </value>
            </param>
            <param index="1">
              <value>
                <![CDATA[7]]>
              </value>
            </param>
          </params>
          <reporter-output>
          </reporter-output>
        </test-method> <!-- beforeTest -->
        <test-method signature="runKDD()[pri:0, instance:hera.wcrl.webcontrol@24313fcc]" started-at="2022-05-09T22:21:50Z" name="runKDD" finished-at="2022-05-09T22:22:13Z" duration-ms="23137" status="PASS">
          <reporter-output>
          </reporter-output>
        </test-method> <!-- runKDD -->
        <test-method is-config="true" signature="afterTest()[pri:0, instance:hera.wcrl.webcontrol@24313fcc]" started-at="2022-05-09T22:22:13Z" name="afterTest" finished-at="2022-05-09T22:22:13Z" duration-ms="145" status="PASS">
          <reporter-output>
          </reporter-output>
        </test-method> <!-- afterTest -->
      </class> <!-- hera.wcrl.webcontrol -->
    </test> <!-- 7 -->
    <test started-at="2022-05-09T15:21:45Z" name="15" finished-at="2022-05-09T15:22:15Z" duration-ms="30104">
      <class name="hera.wcrl.webcontrol">
        <test-method is-config="true" signature="beforeTest(java.lang.String, java.lang.String)[pri:0, instance:hera.wcrl.webcontrol@45b4c3a9]" started-at="2022-05-09T22:21:45Z" name="beforeTest" finished-at="2022-05-09T22:21:50Z" duration-ms="4641" status="PASS">
          <params>
            <param index="0">
              <value>
                <![CDATA[chrome]]>
              </value>
            </param>
            <param index="1">
              <value>
                <![CDATA[15]]>
              </value>
            </param>
          </params>
          <reporter-output>
          </reporter-output>
        </test-method> <!-- beforeTest -->
        <test-method signature="runKDD()[pri:0, instance:hera.wcrl.webcontrol@45b4c3a9]" started-at="2022-05-09T22:21:50Z" name="runKDD" finished-at="2022-05-09T22:22:15Z" duration-ms="25334" status="PASS">
          <reporter-output>
          </reporter-output>
        </test-method> <!-- runKDD -->
        <test-method is-config="true" signature="afterTest()[pri:0, instance:hera.wcrl.webcontrol@45b4c3a9]" started-at="2022-05-09T22:22:15Z" name="afterTest" finished-at="2022-05-09T22:22:15Z" duration-ms="123" status="PASS">
          <reporter-output>
          </reporter-output>
        </test-method> <!-- afterTest -->
      </class> <!-- hera.wcrl.webcontrol -->
    </test> <!-- 15 -->
    <test started-at="2022-05-09T15:21:45Z" name="2" finished-at="2022-05-09T15:22:17Z" duration-ms="32067">
      <class name="hera.wcrl.webcontrol">
        <test-method is-config="true" signature="beforeTest(java.lang.String, java.lang.String)[pri:0, instance:hera.wcrl.webcontrol@ba2f4ec]" started-at="2022-05-09T22:21:45Z" name="beforeTest" finished-at="2022-05-09T22:21:50Z" duration-ms="4736" status="PASS">
          <params>
            <param index="0">
              <value>
                <![CDATA[chrome]]>
              </value>
            </param>
            <param index="1">
              <value>
                <![CDATA[2]]>
              </value>
            </param>
          </params>
          <reporter-output>
          </reporter-output>
        </test-method> <!-- beforeTest -->
        <test-method signature="runKDD()[pri:0, instance:hera.wcrl.webcontrol@ba2f4ec]" started-at="2022-05-09T22:21:50Z" name="runKDD" finished-at="2022-05-09T22:22:17Z" duration-ms="27193" status="PASS">
          <reporter-output>
          </reporter-output>
        </test-method> <!-- runKDD -->
        <test-method is-config="true" signature="afterTest()[pri:0, instance:hera.wcrl.webcontrol@ba2f4ec]" started-at="2022-05-09T22:22:17Z" name="afterTest" finished-at="2022-05-09T22:22:17Z" duration-ms="130" status="PASS">
          <reporter-output>
          </reporter-output>
        </test-method> <!-- afterTest -->
      </class> <!-- hera.wcrl.webcontrol -->
    </test> <!-- 2 -->
    <test started-at="2022-05-09T15:21:45Z" name="5" finished-at="2022-05-09T15:22:20Z" duration-ms="34590">
      <class name="hera.wcrl.webcontrol">
        <test-method is-config="true" signature="beforeTest(java.lang.String, java.lang.String)[pri:0, instance:hera.wcrl.webcontrol@6ad82709]" started-at="2022-05-09T22:21:45Z" name="beforeTest" finished-at="2022-05-09T22:21:50Z" duration-ms="4576" status="PASS">
          <params>
            <param index="0">
              <value>
                <![CDATA[chrome]]>
              </value>
            </param>
            <param index="1">
              <value>
                <![CDATA[5]]>
              </value>
            </param>
          </params>
          <reporter-output>
          </reporter-output>
        </test-method> <!-- beforeTest -->
        <test-method signature="runKDD()[pri:0, instance:hera.wcrl.webcontrol@6ad82709]" started-at="2022-05-09T22:21:50Z" name="runKDD" finished-at="2022-05-09T22:22:20Z" duration-ms="29891" status="PASS">
          <reporter-output>
          </reporter-output>
        </test-method> <!-- runKDD -->
        <test-method is-config="true" signature="afterTest()[pri:0, instance:hera.wcrl.webcontrol@6ad82709]" started-at="2022-05-09T22:22:20Z" name="afterTest" finished-at="2022-05-09T22:22:20Z" duration-ms="118" status="PASS">
          <reporter-output>
          </reporter-output>
        </test-method> <!-- afterTest -->
      </class> <!-- hera.wcrl.webcontrol -->
    </test> <!-- 5 -->
  </suite> <!-- Suite1 -->
</testng-results>
